main.obj : error LNK2019: unresolved external symbol _sdot_ referenced in function "double __cdecl arma::blas::dot<double>(unsigned int,double const *,double const *)" (??$dot@N@blas@arma@@YANIPBN0@Z)
main.obj : error LNK2019: unresolved external symbol _ddot_ referenced in function "double __cdecl arma::blas::dot<double>(unsigned int,double const *,double const *)" (??$dot@N@blas@arma@@YANIPBN0@Z)
main.obj : error LNK2019: unresolved external symbol _sgemv_ referenced in function "void __cdecl arma::blas::gemv<double>(char const *,int const *,int const *,double const *,double const *,int const *,double const *,int const *,double const *,double *,int const *)" (??$gemv@N@blas@arma@@YAXPBDPBH1PBN21212PAN1@Z)
main.obj : error LNK2019: unresolved external symbol _dgemv_ referenced in function "void __cdecl arma::blas::gemv<double>(char const *,int const *,int const *,double const *,double const *,int const *,double const *,int const *,double const *,double *,int const *)" (??$gemv@N@blas@arma@@YAXPBDPBH1PBN21212PAN1@Z)
main.obj : error LNK2019: unresolved external symbol _cgemv_ referenced in function "void __cdecl arma::blas::gemv<double>(char const *,int const *,int const *,double const *,double const *,int const *,double const *,int const *,double const *,double *,int const *)" (??$gemv@N@blas@arma@@YAXPBDPBH1PBN21212PAN1@Z)
main.obj : error LNK2019: unresolved external symbol _zgemv_ referenced in function "void __cdecl arma::blas::gemv<double>(char const *,int const *,int const *,double const *,double const *,int const *,double const *,int const *,double const *,double *,int const *)" (??$gemv@N@blas@arma@@YAXPBDPBH1PBN21212PAN1@Z)
main.obj : error LNK2019: unresolved external symbol _sgemm_ referenced in function "void __cdecl arma::blas::gemm<double>(char const *,char const *,int const *,int const *,int const *,double const *,double const *,int const *,double const *,int const *,double const *,double *,int const *)" (??$gemm@N@blas@arma@@YAXPBD0PBH11PBN21212PAN1@Z)
main.obj : error LNK2019: unresolved external symbol _dgemm_ referenced in function "void __cdecl arma::blas::gemm<double>(char const *,char const *,int const *,int const *,int const *,double const *,double const *,int const *,double const *,int const *,double const *,double *,int const *)" (??$gemm@N@blas@arma@@YAXPBD0PBH11PBN21212PAN1@Z)
main.obj : error LNK2019: unresolved external symbol _cgemm_ referenced in function "void __cdecl arma::blas::gemm<double>(char const *,char const *,int const *,int const *,int const *,double const *,double const *,int const *,double const *,int const *,double const *,double *,int const *)" (??$gemm@N@blas@arma@@YAXPBD0PBH11PBN21212PAN1@Z)
main.obj : error LNK2019: unresolved external symbol _zgemm_ referenced in function "void __cdecl arma::blas::gemm<double>(char const *,char const *,int const *,int const *,int const *,double const *,double const *,int const *,double const *,int const *,double const *,double *,int const *)" (??$gemm@N@blas@arma@@YAXPBD0PBH11PBN21212PAN1@Z)
main.obj : error LNK2019: unresolved external symbol _ssyrk_ referenced in function "void __cdecl arma::blas::syrk<double>(char const *,char const *,int const *,int const *,double const *,double const *,int const *,double const *,double *,int const *)" (??$syrk@N@blas@arma@@YAXPBD0PBH1PBN212PAN1@Z)
main.obj : error LNK2019: unresolved external symbol _dsyrk_ referenced in function "void __cdecl arma::blas::syrk<double>(char const *,char const *,int const *,int const *,double const *,double const *,int const *,double const *,double *,int const *)" (??$syrk@N@blas@arma@@YAXPBD0PBH1PBN212PAN1@Z)
main.obj : error LNK2019: unresolved external symbol _sgesvd_ referenced in function "void __cdecl arma::lapack::gesvd<double>(char *,char *,int *,int *,double *,int *,double *,double *,int *,double *,int *,double *,int *,int *)" (??$gesvd@N@lapack@arma@@YAXPAD0PAH1PAN122121211@Z)
main.obj : error LNK2019: unresolved external symbol _dgesvd_ referenced in function "void __cdecl arma::lapack::gesvd<double>(char *,char *,int *,int *,double *,int *,double *,double *,int *,double *,int *,double *,int *,int *)" (??$gesvd@N@lapack@arma@@YAXPAD0PAH1PAN122121211@Z)
main.obj : error LNK2019: unresolved external symbol _sgesdd_ referenced in function "void __cdecl arma::lapack::gesdd<double>(char *,int *,int *,double *,int *,double *,double *,int *,double *,int *,double *,int *,int *,int *)" (??$gesdd@N@lapack@arma@@YAXPADPAH1PAN1221212111@Z)
main.obj : error LNK2019: unresolved external symbol _dgesdd_ referenced in function "void __cdecl arma::lapack::gesdd<double>(char *,int *,int *,double *,int *,double *,double *,int *,double *,int *,double *,int *,int *,int *)" (??$gesdd@N@lapack@arma@@YAXPADPAH1PAN1221212111@Z)
main.obj : error LNK2019: unresolved external symbol _sgesv_ referenced in function "void __cdecl arma::lapack::gesv<double>(int *,int *,double *,int *,int *,double *,int *,int *)" (??$gesv@N@lapack@arma@@YAXPAH0PAN00100@Z)
main.obj : error LNK2019: unresolved external symbol _dgesv_ referenced in function "void __cdecl arma::lapack::gesv<double>(int *,int *,double *,int *,int *,double *,int *,int *)" (??$gesv@N@lapack@arma@@YAXPAH0PAN00100@Z)
main.obj : error LNK2019: unresolved external symbol _cgesv_ referenced in function "void __cdecl arma::lapack::gesv<double>(int *,int *,double *,int *,int *,double *,int *,int *)" (??$gesv@N@lapack@arma@@YAXPAH0PAN00100@Z)
main.obj : error LNK2019: unresolved external symbol _zgesv_ referenced in function "void __cdecl arma::lapack::gesv<double>(int *,int *,double *,int *,int *,double *,int *,int *)" (??$gesv@N@lapack@arma@@YAXPAH0PAN00100@Z)
D:\Library\armadillo-7.950.1\examples\lib_win64\lapack_win64_MT.lib : warning LNK4272: library machine type 'x64' conflicts with target machine type 'X86'
D:\Library\armadillo-7.950.1\examples\lib_win64\blas_win64_MT.lib : warning LNK4272: library machine type 'x64' conflicts with target machine type 'X86'
F:\Thesis\MLID\Debug\MLID.exe : fatal error LNK1120: 20 unresolved externals
